#
# There is insufficient memory for the Java Runtime Environment to continue.
# Native memory allocation (malloc) failed to allocate 318544 bytes for Chunk::new
# Possible reasons:
#   The system is out of physical RAM or swap space
#   The process is running with CompressedOops enabled, and the Java Heap may be blocking the growth of the native heap
# Possible solutions:
#   Reduce memory load on the system
#   Increase physical memory or swap space
#   Check if swap backing store is full
#   Decrease Java heap size (-Xmx/-Xms)
#   Decrease number of Java threads
#   Decrease Java thread stack sizes (-Xss)
#   Set larger code cache with -XX:ReservedCodeCacheSize=
#   JVM is running with Unscaled Compressed Oops mode in which the Java heap is
#     placed in the first 4GB address space. The Java Heap base address is the
#     maximum limit for the native heap growth. Please use -XX:HeapBaseMinAddress
#     to set the Java Heap base and to place the Java Heap above 4GB virtual address.
# This output file may be truncated or incomplete.
#
#  Out of Memory Error (allocation.cpp:389), pid=8196, tid=0x00000000000009e0
#
# JRE version: Java(TM) SE Runtime Environment (8.0_281-b09) (build 1.8.0_281-b09)
# Java VM: Java HotSpot(TM) 64-Bit Server VM (25.281-b09 mixed mode windows-amd64 compressed oops)
# Failed to write core dump. Minidumps are not enabled by default on client versions of Windows
#

---------------  T H R E A D  ---------------

Current thread (0x0000016cfb101000):  JavaThread "C2 CompilerThread1" daemon [_thread_in_native, id=2528, stack(0x000000443f600000,0x000000443f700000)]

Stack: [0x000000443f600000,0x000000443f700000]
Native frames: (J=compiled Java code, j=interpreted, Vv=VM code, C=native code)
V  [jvm.dll+0x32e5b9]
V  [jvm.dll+0x275012]
V  [jvm.dll+0x275cbd]
V  [jvm.dll+0x26c6f5]
V  [jvm.dll+0xd51fc]
V  [jvm.dll+0xd59fc]
V  [jvm.dll+0x46f915]
V  [jvm.dll+0x4370fe]
V  [jvm.dll+0x4403d5]
V  [jvm.dll+0x43f795]
V  [jvm.dll+0x42a5e7]
V  [jvm.dll+0xabe9b]
V  [jvm.dll+0xaa4fb]
V  [jvm.dll+0x23d6b2]
V  [jvm.dll+0x291cbc]
C  [ucrtbase.dll+0x21bb2]
C  [KERNEL32.DLL+0x17034]
C  [ntdll.dll+0x52651]


Current CompileTask:
C2:   8554 4310       4       org.gradle.internal.service.DefaultServiceRegistry$OwnServices$ProviderAnalyser::analyseType (114 bytes)


---------------  P R O C E S S  ---------------

Java Threads: ( => current thread )
  0x0000016c92cf7000 JavaThread "Cache worker for Build Output Cleanup Cache (C:\Workspace\Javascript\ReactNative\spg\android\.gradle\buildOutputCleanup)" [_thread_blocked, id=10472, stack(0x0000004441500000,0x0000004441600000)]
  0x0000016c92cf6800 JavaThread "Build operations Thread 8" [_thread_blocked, id=12936, stack(0x0000004441400000,0x0000004441500000)]
  0x0000016c92cf2800 JavaThread "Build operations Thread 7" [_thread_blocked, id=1816, stack(0x0000004441300000,0x0000004441400000)]
  0x0000016c92cf5800 JavaThread "Build operations Thread 6" [_thread_blocked, id=10328, stack(0x0000004441200000,0x0000004441300000)]
  0x0000016c92ced000 JavaThread "Build operations Thread 5" [_thread_blocked, id=13028, stack(0x0000004441100000,0x0000004441200000)]
  0x0000016c92cef800 JavaThread "Build operations Thread 4" [_thread_blocked, id=6776, stack(0x0000004441000000,0x0000004441100000)]
  0x0000016c92cf2000 JavaThread "Build operations Thread 3" [_thread_blocked, id=1952, stack(0x0000004440f00000,0x0000004441000000)]
  0x0000016c92cee000 JavaThread "Build operations Thread 2" [_thread_blocked, id=12524, stack(0x0000004440e00000,0x0000004440f00000)]
  0x0000016c92cf1000 JavaThread "Build operations" [_thread_blocked, id=3912, stack(0x0000004440d00000,0x0000004440e00000)]
  0x0000016cfee6a800 JavaThread "Cache worker for execution history cache (C:\Users\dougl\.gradle\caches\6.2\executionHistory)" [_thread_blocked, id=6228, stack(0x0000004440c00000,0x0000004440d00000)]
  0x0000016cfee68800 JavaThread "Cache worker for cache directory md-rule (C:\Users\dougl\.gradle\caches\6.2\md-rule)" [_thread_blocked, id=6140, stack(0x0000004440b00000,0x0000004440c00000)]
  0x0000016cfee67800 JavaThread "Cache worker for cache directory md-supplier (C:\Users\dougl\.gradle\caches\6.2\md-supplier)" [_thread_blocked, id=6136, stack(0x0000004440a00000,0x0000004440b00000)]
  0x0000016cfee6b800 JavaThread "Cache worker for file hash cache (C:\Workspace\Javascript\ReactNative\spg\android\.gradle\6.2\fileHashes)" [_thread_blocked, id=13508, stack(0x0000004440900000,0x0000004440a00000)]
  0x0000016cfee67000 JavaThread "Cache worker for checksums cache (C:\Workspace\Javascript\ReactNative\spg\android\.gradle\checksums)" [_thread_blocked, id=11532, stack(0x0000004440800000,0x0000004440900000)]
  0x0000016cfee6a000 JavaThread "Cache worker for file hash cache (C:\Users\dougl\.gradle\caches\6.2\fileHashes)" [_thread_blocked, id=1016, stack(0x0000004440700000,0x0000004440800000)]
  0x0000016cfee66000 JavaThread "File lock request listener" [_thread_in_native, id=11524, stack(0x0000004440600000,0x0000004440700000)]
  0x0000016cfee65800 JavaThread "Cache worker for journal cache (C:\Users\dougl\.gradle\caches\journal-1)" [_thread_blocked, id=5332, stack(0x0000004440500000,0x0000004440600000)]
  0x0000016cfed45800 JavaThread "Thread-9" [_thread_blocked, id=6808, stack(0x0000004440400000,0x0000004440500000)]
  0x0000016cfed41800 JavaThread "Stdin handler" [_thread_blocked, id=5696, stack(0x0000004440300000,0x0000004440400000)]
  0x0000016cfed2b000 JavaThread "Asynchronous log dispatcher for DefaultDaemonConnection: socket connection from /127.0.0.1:51273 to /127.0.0.1:51274" [_thread_blocked, id=11400, stack(0x0000004440200000,0x0000004440300000)]
  0x0000016cfecd2000 JavaThread "Daemon worker" [_thread_in_native, id=2296, stack(0x0000004440100000,0x0000004440200000)]
  0x0000016cfecd1000 JavaThread "Cancel handler" [_thread_blocked, id=6220, stack(0x0000004440000000,0x0000004440100000)]
  0x0000016cfeb2c800 JavaThread "Handler for socket connection from /127.0.0.1:51273 to /127.0.0.1:51274" [_thread_in_native, id=11848, stack(0x000000443ff00000,0x0000004440000000)]
  0x0000016cfeb2a000 JavaThread "Daemon" [_thread_blocked, id=11752, stack(0x000000443fe00000,0x000000443ff00000)]
  0x0000016cfec81800 JavaThread "Daemon periodic checks" [_thread_blocked, id=11876, stack(0x000000443fd00000,0x000000443fe00000)]
  0x0000016cfecac000 JavaThread "Incoming local TCP Connector on port 51273" [_thread_in_native, id=6112, stack(0x000000443fc00000,0x000000443fd00000)]
  0x0000016cfec24800 JavaThread "Daemon health stats" [_thread_blocked, id=11392, stack(0x000000443fb00000,0x000000443fc00000)]
  0x0000016cfcf68800 JavaThread "Service Thread" daemon [_thread_blocked, id=952, stack(0x000000443f900000,0x000000443fa00000)]
  0x0000016cfb110800 JavaThread "C1 CompilerThread3" daemon [_thread_in_native, id=2556, stack(0x000000443f800000,0x000000443f900000)]
  0x0000016cfb104800 JavaThread "C2 CompilerThread2" daemon [_thread_in_native, id=14056, stack(0x000000443f700000,0x000000443f800000)]
=>0x0000016cfb101000 JavaThread "C2 CompilerThread1" daemon [_thread_in_native, id=2528, stack(0x000000443f600000,0x000000443f700000)]
  0x0000016cfb0fe000 JavaThread "C2 CompilerThread0" daemon [_thread_in_native, id=10512, stack(0x000000443f500000,0x000000443f600000)]
  0x0000016cfb0f9800 JavaThread "Attach Listener" daemon [_thread_blocked, id=8688, stack(0x000000443f400000,0x000000443f500000)]
  0x0000016cfb0f8800 JavaThread "Signal Dispatcher" daemon [_thread_blocked, id=10196, stack(0x000000443f300000,0x000000443f400000)]
  0x0000016cfb0d6000 JavaThread "Finalizer" daemon [_thread_blocked, id=3904, stack(0x000000443f200000,0x000000443f300000)]
  0x0000016cfb0cf000 JavaThread "Reference Handler" daemon [_thread_blocked, id=2852, stack(0x000000443f100000,0x000000443f200000)]
  0x0000016cf7650000 JavaThread "main" [_thread_blocked, id=11216, stack(0x000000443e700000,0x000000443e800000)]

Other Threads:
  0x0000016cfb0a4000 VMThread [stack: 0x000000443f000000,0x000000443f100000] [id=11552]
  0x0000016cfb17e800 WatcherThread [stack: 0x000000443fa00000,0x000000443fb00000] [id=10168]

VM state:not at safepoint (normal execution)

VM Mutex/Monitor currently owned by a thread: None

heap address: 0x00000000e0000000, size: 512 MB, Compressed Oops mode: 32-bit
Narrow klass base: 0x0000000000000000, Narrow klass shift: 3
Compressed class space size: 1073741824 Address: 0x0000000100000000

Heap:
 PSYoungGen      total 159744K, used 87235K [0x00000000f5580000, 0x0000000100000000, 0x0000000100000000)
  eden space 146944K, 51% used [0x00000000f5580000,0x00000000f9f37620,0x00000000fe500000)
  from space 12800K, 91% used [0x00000000ff380000,0x00000000ffef9920,0x0000000100000000)
  to   space 13824K, 0% used [0x00000000fe500000,0x00000000fe500000,0x00000000ff280000)
 ParOldGen       total 175104K, used 16872K [0x00000000e0000000, 0x00000000eab00000, 0x00000000f5580000)
  object space 175104K, 9% used [0x00000000e0000000,0x00000000e107a1b8,0x00000000eab00000)
 Metaspace       used 47979K, capacity 50050K, committed 50176K, reserved 1091584K
  class space    used 6634K, capacity 7144K, committed 7168K, reserved 1048576K

Card table byte_map: [0x0000016cf93c0000,0x0000016cf94d0000] byte_map_base: 0x0000016cf8cc0000

Marking Bits: (ParMarkBitMap*) 0x000000005fa46ff0
 Begin Bits: [0x0000016cf9580000, 0x0000016cf9d80000)
 End Bits:   [0x0000016cf9d80000, 0x0000016cfa580000)

Polling page: 0x0000016cf77e0000

CodeCache: size=245760Kb used=13805Kb max_used=13805Kb free=231954Kb
 bounds [0x0000016c80000000, 0x0000016c80d90000, 0x0000016c8f000000]
 total_blobs=4717 nmethods=3940 adapters=688
 compilation: enabled

Compilation events (10 events):
Event: 8.523 Thread 0x0000016cfb110800 4380       3       groovy.lang.MetaBeanProperty::getProperty (64 bytes)
Event: 8.524 Thread 0x0000016cfb110800 nmethod 4380 0x0000016c80d7b090 code [0x0000016c80d7b2a0, 0x0000016c80d7bc40]
Event: 8.524 Thread 0x0000016cfb110800 4381       3       sun.reflect.ClassFileAssembler::getLength (11 bytes)
Event: 8.524 Thread 0x0000016cfb110800 nmethod 4381 0x0000016c80b0ad90 code [0x0000016c80b0af00, 0x0000016c80b0b118]
Event: 8.524 Thread 0x0000016cfb110800 4378       3       org.gradle.internal.service.DefaultServiceRegistry::noLongerMutable (24 bytes)
Event: 8.524 Thread 0x0000016cfb110800 nmethod 4378 0x0000016c80d7c090 code [0x0000016c80d7c200, 0x0000016c80d7c558]
Event: 8.524 Thread 0x0000016cfb110800 4375       3       groovyjarjarasm.asm.MethodWriter::endCurrentBasicBlockWithNoSuccessor (94 bytes)
Event: 8.525 Thread 0x0000016cfb110800 nmethod 4375 0x0000016c80d7c690 code [0x0000016c80d7c820, 0x0000016c80d7cdd0]
Event: 8.525 Thread 0x0000016cfb110800 4379       1       org.gradle.internal.typeconversion.TypeInfo::getTargetType (5 bytes)
Event: 8.525 Thread 0x0000016cfb110800 nmethod 4379 0x0000016c80a2d650 code [0x0000016c80a2d7a0, 0x0000016c80a2d8b8]

GC Heap History (10 events):
Event: 3.734 GC heap before
{Heap before GC invocations=6 (full 1):
 PSYoungGen      total 76288K, used 65536K [0x00000000f5580000, 0x00000000fea80000, 0x0000000100000000)
  eden space 65536K, 100% used [0x00000000f5580000,0x00000000f9580000,0x00000000f9580000)
  from space 10752K, 0% used [0x00000000fa000000,0x00000000fa000000,0x00000000faa80000)
  to   space 10752K, 0% used [0x00000000f9580000,0x00000000f9580000,0x00000000fa000000)
 ParOldGen       total 175104K, used 6981K [0x00000000e0000000, 0x00000000eab00000, 0x00000000f5580000)
  object space 175104K, 3% used [0x00000000e0000000,0x00000000e06d16a0,0x00000000eab00000)
 Metaspace       used 29110K, capacity 29778K, committed 30080K, reserved 1075200K
  class space    used 3976K, capacity 4163K, committed 4224K, reserved 1048576K
Event: 3.739 GC heap after
Heap after GC invocations=6 (full 1):
 PSYoungGen      total 76288K, used 8381K [0x00000000f5580000, 0x00000000fd900000, 0x0000000100000000)
  eden space 65536K, 0% used [0x00000000f5580000,0x00000000f5580000,0x00000000f9580000)
  from space 10752K, 77% used [0x00000000f9580000,0x00000000f9daf6d0,0x00000000fa000000)
  to   space 12288K, 0% used [0x00000000fcd00000,0x00000000fcd00000,0x00000000fd900000)
 ParOldGen       total 175104K, used 6989K [0x00000000e0000000, 0x00000000eab00000, 0x00000000f5580000)
  object space 175104K, 3% used [0x00000000e0000000,0x00000000e06d36a0,0x00000000eab00000)
 Metaspace       used 29110K, capacity 29778K, committed 30080K, reserved 1075200K
  class space    used 3976K, capacity 4163K, committed 4224K, reserved 1048576K
}
Event: 5.883 GC heap before
{Heap before GC invocations=7 (full 1):
 PSYoungGen      total 76288K, used 73917K [0x00000000f5580000, 0x00000000fd900000, 0x0000000100000000)
  eden space 65536K, 100% used [0x00000000f5580000,0x00000000f9580000,0x00000000f9580000)
  from space 10752K, 77% used [0x00000000f9580000,0x00000000f9daf6d0,0x00000000fa000000)
  to   space 12288K, 0% used [0x00000000fcd00000,0x00000000fcd00000,0x00000000fd900000)
 ParOldGen       total 175104K, used 6989K [0x00000000e0000000, 0x00000000eab00000, 0x00000000f5580000)
  object space 175104K, 3% used [0x00000000e0000000,0x00000000e06d36a0,0x00000000eab00000)
 Metaspace       used 32141K, capacity 33036K, committed 33152K, reserved 1077248K
  class space    used 4492K, capacity 4721K, committed 4736K, reserved 1048576K
Event: 5.893 GC heap after
Heap after GC invocations=7 (full 1):
 PSYoungGen      total 117248K, used 10120K [0x00000000f5580000, 0x00000000fd700000, 0x0000000100000000)
  eden space 107008K, 0% used [0x00000000f5580000,0x00000000f5580000,0x00000000fbe00000)
  from space 10240K, 98% used [0x00000000fcd00000,0x00000000fd6e2370,0x00000000fd700000)
  to   space 12800K, 0% used [0x00000000fbe00000,0x00000000fbe00000,0x00000000fca80000)
 ParOldGen       total 175104K, used 6997K [0x00000000e0000000, 0x00000000eab00000, 0x00000000f5580000)
  object space 175104K, 3% used [0x00000000e0000000,0x00000000e06d56a0,0x00000000eab00000)
 Metaspace       used 32141K, capacity 33036K, committed 33152K, reserved 1077248K
  class space    used 4492K, capacity 4721K, committed 4736K, reserved 1048576K
}
Event: 6.227 GC heap before
{Heap before GC invocations=8 (full 1):
 PSYoungGen      total 117248K, used 55833K [0x00000000f5580000, 0x00000000fd700000, 0x0000000100000000)
  eden space 107008K, 42% used [0x00000000f5580000,0x00000000f82240c0,0x00000000fbe00000)
  from space 10240K, 98% used [0x00000000fcd00000,0x00000000fd6e2370,0x00000000fd700000)
  to   space 12800K, 0% used [0x00000000fbe00000,0x00000000fbe00000,0x00000000fca80000)
 ParOldGen       total 175104K, used 6997K [0x00000000e0000000, 0x00000000eab00000, 0x00000000f5580000)
  object space 175104K, 3% used [0x00000000e0000000,0x00000000e06d56a0,0x00000000eab00000)
 Metaspace       used 34245K, capacity 35348K, committed 35496K, reserved 1079296K
  class space    used 4818K, capacity 5093K, committed 5120K, reserved 1048576K
Event: 6.236 GC heap after
Heap after GC invocations=8 (full 1):
 PSYoungGen      total 119808K, used 10561K [0x00000000f5580000, 0x0000000100000000, 0x0000000100000000)
  eden space 107008K, 0% used [0x00000000f5580000,0x00000000f5580000,0x00000000fbe00000)
  from space 12800K, 82% used [0x00000000fbe00000,0x00000000fc8507f0,0x00000000fca80000)
  to   space 12800K, 0% used [0x00000000ff380000,0x00000000ff380000,0x0000000100000000)
 ParOldGen       total 175104K, used 7005K [0x00000000e0000000, 0x00000000eab00000, 0x00000000f5580000)
  object space 175104K, 4% used [0x00000000e0000000,0x00000000e06d76a0,0x00000000eab00000)
 Metaspace       used 34245K, capacity 35348K, committed 35496K, reserved 1079296K
  class space    used 4818K, capacity 5093K, committed 5120K, reserved 1048576K
}
Event: 6.236 GC heap before
{Heap before GC invocations=9 (full 2):
 PSYoungGen      total 119808K, used 10561K [0x00000000f5580000, 0x0000000100000000, 0x0000000100000000)
  eden space 107008K, 0% used [0x00000000f5580000,0x00000000f5580000,0x00000000fbe00000)
  from space 12800K, 82% used [0x00000000fbe00000,0x00000000fc8507f0,0x00000000fca80000)
  to   space 12800K, 0% used [0x00000000ff380000,0x00000000ff380000,0x0000000100000000)
 ParOldGen       total 175104K, used 7005K [0x00000000e0000000, 0x00000000eab00000, 0x00000000f5580000)
  object space 175104K, 4% used [0x00000000e0000000,0x00000000e06d76a0,0x00000000eab00000)
 Metaspace       used 34245K, capacity 35348K, committed 35496K, reserved 1079296K
  class space    used 4818K, capacity 5093K, committed 5120K, reserved 1048576K
Event: 6.289 GC heap after
Heap after GC invocations=9 (full 2):
 PSYoungGen      total 119808K, used 0K [0x00000000f5580000, 0x0000000100000000, 0x0000000100000000)
  eden space 107008K, 0% used [0x00000000f5580000,0x00000000f5580000,0x00000000fbe00000)
  from space 12800K, 0% used [0x00000000fbe00000,0x00000000fbe00000,0x00000000fca80000)
  to   space 12800K, 0% used [0x00000000ff380000,0x00000000ff380000,0x0000000100000000)
 ParOldGen       total 175104K, used 16864K [0x00000000e0000000, 0x00000000eab00000, 0x00000000f5580000)
  object space 175104K, 9% used [0x00000000e0000000,0x00000000e10781b8,0x00000000eab00000)
 Metaspace       used 34245K, capacity 35348K, committed 35496K, reserved 1079296K
  class space    used 4818K, capacity 5093K, committed 5120K, reserved 1048576K
}
Event: 7.834 GC heap before
{Heap before GC invocations=10 (full 2):
 PSYoungGen      total 119808K, used 107008K [0x00000000f5580000, 0x0000000100000000, 0x0000000100000000)
  eden space 107008K, 100% used [0x00000000f5580000,0x00000000fbe00000,0x00000000fbe00000)
  from space 12800K, 0% used [0x00000000fbe00000,0x00000000fbe00000,0x00000000fca80000)
  to   space 12800K, 0% used [0x00000000ff380000,0x00000000ff380000,0x0000000100000000)
 ParOldGen       total 175104K, used 16864K [0x00000000e0000000, 0x00000000eab00000, 0x00000000f5580000)
  object space 175104K, 9% used [0x00000000e0000000,0x00000000e10781b8,0x00000000eab00000)
 Metaspace       used 43369K, capacity 45178K, committed 45440K, reserved 1087488K
  class space    used 6048K, capacity 6492K, committed 6528K, reserved 1048576K
Event: 7.844 GC heap after
Heap after GC invocations=10 (full 2):
 PSYoungGen      total 159744K, used 11750K [0x00000000f5580000, 0x0000000100000000, 0x0000000100000000)
  eden space 146944K, 0% used [0x00000000f5580000,0x00000000f5580000,0x00000000fe500000)
  from space 12800K, 91% used [0x00000000ff380000,0x00000000ffef9920,0x0000000100000000)
  to   space 13824K, 0% used [0x00000000fe500000,0x00000000fe500000,0x00000000ff280000)
 ParOldGen       total 175104K, used 16872K [0x00000000e0000000, 0x00000000eab00000, 0x00000000f5580000)
  object space 175104K, 9% used [0x00000000e0000000,0x00000000e107a1b8,0x00000000eab00000)
 Metaspace       used 43369K, capacity 45178K, committed 45440K, reserved 1087488K
  class space    used 6048K, capacity 6492K, committed 6528K, reserved 1048576K
}

Deoptimization events (10 events):
Event: 7.943 Thread 0x0000016cfecd2000 Uncommon trap: reason=unstable_if action=reinterpret pc=0x0000016c80b888bc method=java.security.CodeSource.matchCerts(Ljava/security/CodeSource;Z)Z @ 11
Event: 7.957 Thread 0x0000016cfecd2000 Uncommon trap: reason=unstable_if action=reinterpret pc=0x0000016c80a07eb8 method=java.util.LinkedHashMap.get(Ljava/lang/Object;)Ljava/lang/Object; @ 20
Event: 8.007 Thread 0x0000016cfecd2000 Uncommon trap: reason=unstable_if action=reinterpret pc=0x0000016c809f99b8 method=org.objectweb.asm.ByteVector.putUTF8(Ljava/lang/String;)Lorg/objectweb/asm/ByteVector; @ 93
Event: 8.092 Thread 0x0000016cfecd2000 Uncommon trap: reason=unstable_if action=reinterpret pc=0x0000016c80677d10 method=org.objectweb.asm.ByteVector.putUTF8(Ljava/lang/String;)Lorg/objectweb/asm/ByteVector; @ 93
Event: 8.325 Thread 0x0000016cfecd2000 Uncommon trap: reason=unstable_if action=reinterpret pc=0x0000016c80b075b0 method=org.gradle.internal.reflect.PropertyAccessorType.of(Ljava/lang/reflect/Method;)Lorg/gradle/internal/reflect/PropertyAccessorType; @ 56
Event: 8.496 Thread 0x0000016cfecd2000 Uncommon trap: reason=unstable_if action=reinterpret pc=0x0000016c801d9ddc method=java.lang.String.replace(CC)Ljava/lang/String; @ 2
Event: 8.499 Thread 0x0000016cfecd2000 Uncommon trap: reason=unstable_if action=reinterpret pc=0x0000016c80a91834 method=groovy.lang.MetaClassImpl.checkIfStdMethod(Lgroovy/lang/MetaMethod;)V @ 55
Event: 8.500 Thread 0x0000016cfecd2000 Uncommon trap: reason=unstable_if action=reinterpret pc=0x0000016c80d5cefc method=org.codehaus.groovy.runtime.metaclass.MetaMethodIndex.copyNonPrivateNonNewMetaMethods(Lorg/codehaus/groovy/runtime/metaclass/MetaMethodIndex$Entry;Lorg/codehaus/groovy/runti
Event: 8.500 Thread 0x0000016cfecd2000 Uncommon trap: reason=unstable_if action=reinterpret pc=0x0000016c80b41f7c method=groovy.lang.MetaClassImpl$1MOPIter.methodNameAction(Ljava/lang/Class;Lorg/codehaus/groovy/runtime/metaclass/MetaMethodIndex$Entry;)V @ 182
Event: 8.515 Thread 0x0000016cfecd2000 Uncommon trap: reason=bimorphic action=maybe_recompile pc=0x0000016c80902df4 method=java.util.AbstractCollection.addAll(Ljava/util/Collection;)Z @ 29

Classes redefined (0 events):
No events

Internal exceptions (10 events):
Event: 8.501 Thread 0x0000016cfecd2000 Exception <a 'java/lang/ClassNotFoundException': org/gradle/api/internal/project/DefaultAntBuilderBeanInfo> (0x00000000f9686b90) thrown at [C:\jenkins\workspace\8-2-build-windows-amd64-cygwin\jdk8u281\880\hotspot\src\share\vm\classfile\systemDictionary.cp
Event: 8.501 Thread 0x0000016cfecd2000 Exception <a 'java/lang/ClassNotFoundException': org/gradle/api/internal/project/ant/BasicAntBuilderBeanInfo> (0x00000000f96bea98) thrown at [C:\jenkins\workspace\8-2-build-windows-amd64-cygwin\jdk8u281\880\hotspot\src\share\vm\classfile\systemDictionary.
Event: 8.502 Thread 0x0000016cfecd2000 Exception <a 'java/lang/ClassNotFoundException': org/gradle/api/AntBuilderBeanInfo> (0x00000000f96e70b8) thrown at [C:\jenkins\workspace\8-2-build-windows-amd64-cygwin\jdk8u281\880\hotspot\src\share\vm\classfile\systemDictionary.cpp, line 212]
Event: 8.503 Thread 0x0000016cfecd2000 Exception <a 'java/lang/ClassNotFoundException': groovy/util/AntBuilderBeanInfo> (0x00000000f970def8) thrown at [C:\jenkins\workspace\8-2-build-windows-amd64-cygwin\jdk8u281\880\hotspot\src\share\vm\classfile\systemDictionary.cpp, line 212]
Event: 8.503 Thread 0x0000016cfecd2000 Exception <a 'java/lang/ClassNotFoundException': groovy/util/BuilderSupportBeanInfo> (0x00000000f9736500) thrown at [C:\jenkins\workspace\8-2-build-windows-amd64-cygwin\jdk8u281\880\hotspot\src\share\vm\classfile\systemDictionary.cpp, line 212]
Event: 8.504 Thread 0x0000016cfecd2000 Exception <a 'java/lang/ClassNotFoundException': groovy/util/BuilderSupportCustomizer> (0x00000000f9760d80) thrown at [C:\jenkins\workspace\8-2-build-windows-amd64-cygwin\jdk8u281\880\hotspot\src\share\vm\classfile\systemDictionary.cpp, line 212]
Event: 8.504 Thread 0x0000016cfecd2000 Exception <a 'java/lang/ClassNotFoundException': groovy/util/AntBuilderCustomizer> (0x00000000f978bdd8) thrown at [C:\jenkins\workspace\8-2-build-windows-amd64-cygwin\jdk8u281\880\hotspot\src\share\vm\classfile\systemDictionary.cpp, line 212]
Event: 8.505 Thread 0x0000016cfecd2000 Exception <a 'java/lang/ClassNotFoundException': org/gradle/api/AntBuilderCustomizer> (0x00000000f97bc308) thrown at [C:\jenkins\workspace\8-2-build-windows-amd64-cygwin\jdk8u281\880\hotspot\src\share\vm\classfile\systemDictionary.cpp, line 212]
Event: 8.506 Thread 0x0000016cfecd2000 Exception <a 'java/lang/ClassNotFoundException': org/gradle/api/internal/project/ant/BasicAntBuilderCustomizer> (0x00000000f9801478) thrown at [C:\jenkins\workspace\8-2-build-windows-amd64-cygwin\jdk8u281\880\hotspot\src\share\vm\classfile\systemDictionar
Event: 8.506 Thread 0x0000016cfecd2000 Exception <a 'java/lang/ClassNotFoundException': org/gradle/api/internal/project/DefaultAntBuilderCustomizer> (0x00000000f984dae8) thrown at [C:\jenkins\workspace\8-2-build-windows-amd64-cygwin\jdk8u281\880\hotspot\src\share\vm\classfile\systemDictionary.

Events (10 events):
Event: 8.515 Thread 0x0000016cfecd2000 DEOPT PACKING pc=0x0000016c80902df4 sp=0x00000044401f5ea0
Event: 8.515 Thread 0x0000016cfecd2000 DEOPT UNPACKING pc=0x0000016c80045843 sp=0x00000044401f5ea8 mode 2
Event: 8.515 loading class org/gradle/api/internal/artifacts/dsl/DefaultArtifactHandler
Event: 8.515 loading class org/gradle/api/internal/artifacts/dsl/DefaultArtifactHandler done
Event: 8.517 loading class org/gradle/api/internal/artifacts/dsl/DefaultArtifactHandler$DynamicMethods
Event: 8.517 loading class org/gradle/api/internal/artifacts/dsl/DefaultArtifactHandler$DynamicMethods done
Event: 8.519 loading class org/codehaus/groovy/runtime/dgm$288
Event: 8.519 loading class org/codehaus/groovy/runtime/dgm$288 done
Event: 8.519 loading class com/android/builder/internal/ClassFieldImpl
Event: 8.519 loading class com/android/builder/internal/ClassFieldImpl done


Dynamic libraries:
0x00007ff706170000 - 0x00007ff7061b7000 	C:\Program Files\Java\jdk1.8.0_281\bin\java.exe
0x00007ff8e9d10000 - 0x00007ff8e9f05000 	C:\WINDOWS\SYSTEM32\ntdll.dll
0x00007ff8e8a10000 - 0x00007ff8e8acd000 	C:\WINDOWS\System32\KERNEL32.DLL
0x00007ff8e76b0000 - 0x00007ff8e7979000 	C:\WINDOWS\System32\KERNELBASE.dll
0x00007ff8e7d70000 - 0x00007ff8e7e1c000 	C:\WINDOWS\System32\ADVAPI32.dll
0x00007ff8e8db0000 - 0x00007ff8e8e4e000 	C:\WINDOWS\System32\msvcrt.dll
0x00007ff8e9100000 - 0x00007ff8e919c000 	C:\WINDOWS\System32\sechost.dll
0x00007ff8e9ba0000 - 0x00007ff8e9ccb000 	C:\WINDOWS\System32\RPCRT4.dll
0x00007ff8e8f00000 - 0x00007ff8e90a0000 	C:\WINDOWS\System32\USER32.dll
0x00007ff8e7680000 - 0x00007ff8e76a2000 	C:\WINDOWS\System32\win32u.dll
0x00007ff8e7e20000 - 0x00007ff8e7e4a000 	C:\WINDOWS\System32\GDI32.dll
0x00007ff8e7a20000 - 0x00007ff8e7b2b000 	C:\WINDOWS\System32\gdi32full.dll
0x00007ff8e7980000 - 0x00007ff8e7a1d000 	C:\WINDOWS\System32\msvcp_win.dll
0x00007ff8e7450000 - 0x00007ff8e7550000 	C:\WINDOWS\System32\ucrtbase.dll
0x00007ff8cde50000 - 0x00007ff8ce0ea000 	C:\WINDOWS\WinSxS\amd64_microsoft.windows.common-controls_6595b64144ccf1df_6.0.19041.844_none_ca00b6081b84eb1d\COMCTL32.dll
0x00007ff8e7e50000 - 0x00007ff8e7e80000 	C:\WINDOWS\System32\IMM32.DLL
0x00007ff8e3ae0000 - 0x00007ff8e3af5000 	C:\Program Files\Java\jdk1.8.0_281\jre\bin\vcruntime140.dll
0x00007ff8c3e50000 - 0x00007ff8c3eeb000 	C:\Program Files\Java\jdk1.8.0_281\jre\bin\msvcp140.dll
0x000000005f260000 - 0x000000005fabf000 	C:\Program Files\Java\jdk1.8.0_281\jre\bin\server\jvm.dll
0x00007ff8e93c0000 - 0x00007ff8e93c8000 	C:\WINDOWS\System32\PSAPI.DLL
0x00007ff8e3aa0000 - 0x00007ff8e3aa9000 	C:\WINDOWS\SYSTEM32\WSOCK32.dll
0x00007ff8d98b0000 - 0x00007ff8d98d7000 	C:\WINDOWS\SYSTEM32\WINMM.dll
0x00007ff8df730000 - 0x00007ff8df73a000 	C:\WINDOWS\SYSTEM32\VERSION.dll
0x00007ff8e91c0000 - 0x00007ff8e922b000 	C:\WINDOWS\System32\WS2_32.dll
0x00007ff8e5d40000 - 0x00007ff8e5d52000 	C:\WINDOWS\SYSTEM32\kernel.appcore.dll
0x00007ff8e3a90000 - 0x00007ff8e3aa0000 	C:\Program Files\Java\jdk1.8.0_281\jre\bin\verify.dll
0x00007ff8e16c0000 - 0x00007ff8e16eb000 	C:\Program Files\Java\jdk1.8.0_281\jre\bin\java.dll
0x00007ff8df460000 - 0x00007ff8df478000 	C:\Program Files\Java\jdk1.8.0_281\jre\bin\zip.dll
0x00007ff8e93d0000 - 0x00007ff8e9b12000 	C:\WINDOWS\System32\SHELL32.dll
0x00007ff8e5450000 - 0x00007ff8e5be0000 	C:\WINDOWS\SYSTEM32\windows.storage.dll
0x00007ff8e7f30000 - 0x00007ff8e8285000 	C:\WINDOWS\System32\combase.dll
0x00007ff8e6ec0000 - 0x00007ff8e6eec000 	C:\WINDOWS\SYSTEM32\Wldp.dll
0x00007ff8e8e50000 - 0x00007ff8e8efe000 	C:\WINDOWS\System32\SHCORE.dll
0x00007ff8e90a0000 - 0x00007ff8e90f5000 	C:\WINDOWS\System32\shlwapi.dll
0x00007ff8e7390000 - 0x00007ff8e73af000 	C:\WINDOWS\SYSTEM32\profapi.dll
0x00007ff8d4760000 - 0x00007ff8d477c000 	C:\Program Files\Java\jdk1.8.0_281\jre\bin\net.dll
0x00007ff8e6bf0000 - 0x00007ff8e6c5a000 	C:\WINDOWS\system32\mswsock.dll
0x00007ff8d4740000 - 0x00007ff8d4753000 	C:\Program Files\Java\jdk1.8.0_281\jre\bin\nio.dll
0x00007ff8d4710000 - 0x00007ff8d473a000 	C:\Users\dougl\.gradle\native\36\windows-amd64\native-platform.dll
0x00007ff8e1c70000 - 0x00007ff8e1c7d000 	C:\Program Files\Java\jdk1.8.0_281\jre\bin\management.dll
0x00007ff8e6dc0000 - 0x00007ff8e6dd8000 	C:\WINDOWS\SYSTEM32\CRYPTSP.dll
0x00007ff8e6530000 - 0x00007ff8e6564000 	C:\WINDOWS\system32\rsaenh.dll
0x00007ff8e7b30000 - 0x00007ff8e7b57000 	C:\WINDOWS\System32\bcrypt.dll
0x00007ff8e7350000 - 0x00007ff8e737e000 	C:\WINDOWS\SYSTEM32\USERENV.dll
0x00007ff8e75b0000 - 0x00007ff8e7630000 	C:\WINDOWS\System32\bcryptprimitives.dll
0x00007ff8e6de0000 - 0x00007ff8e6dec000 	C:\WINDOWS\SYSTEM32\CRYPTBASE.dll
0x00007ff8e68b0000 - 0x00007ff8e68eb000 	C:\WINDOWS\SYSTEM32\IPHLPAPI.DLL
0x00007ff8e9230000 - 0x00007ff8e9238000 	C:\WINDOWS\System32\NSI.dll
0x00007ff8dfb10000 - 0x00007ff8dfb27000 	C:\WINDOWS\SYSTEM32\dhcpcsvc6.DLL
0x00007ff8e0650000 - 0x00007ff8e066d000 	C:\WINDOWS\SYSTEM32\dhcpcsvc.DLL
0x00007ff8e68f0000 - 0x00007ff8e69bb000 	C:\WINDOWS\SYSTEM32\DNSAPI.dll
0x00007ff8e5260000 - 0x00007ff8e5444000 	C:\WINDOWS\SYSTEM32\dbghelp.dll

VM Arguments:
jvm_args: -XX:MaxMetaspaceSize=256m -XX:+HeapDumpOnOutOfMemoryError -Xms256m -Xmx512m -Dfile.encoding=windows-1252 -Duser.country=BR -Duser.language=pt -Duser.variant 
java_command: org.gradle.launcher.daemon.bootstrap.GradleDaemon 6.2
java_class_path (initial): C:\Users\dougl\.gradle\wrapper\dists\gradle-6.2-all\dvufqs6kielxeao781pmk5huj\gradle-6.2\lib\gradle-launcher-6.2.jar
Launcher Type: SUN_STANDARD

Environment Variables:
JAVA_HOME=C:\Program Files\Java\jdk1.8.0_281
CLASSPATH=C:\Workspace\Javascript\ReactNative\spg\android\\gradle\wrapper\gradle-wrapper.jar
PATH=C:\Workspace\Javascript\ReactNative\spg\android\node_modules\.bin;C:\Workspace\Javascript\ReactNative\spg\node_modules\.bin;C:\Workspace\Javascript\ReactNative\node_modules\.bin;C:\Workspace\Javascript\node_modules\.bin;C:\Workspace\node_modules\.bin;C:\node_modules\.bin;C:\Program Files\nodejs;C:\Users\dougl\AppData\Local\Temp\yarn--1617304212695-0.863950899182242;C:\Workspace\Javascript\ReactNative\spg\node_modules\.bin;C:\Users\dougl\AppData\Local\Yarn\Data\link\node_modules\.bin;C:\Program Files\libexec\lib\node_modules\npm\bin\node-gyp-bin;C:\Program Files\lib\node_modules\npm\bin\node-gyp-bin;C:\Program Files\nodejs\node_modules\npm\bin\node-gyp-bin;C:\Program Files\Git\mingw64\bin;C:\Program Files\Git\usr\bin;C:\Users\dougl\bin;C:\Python39\Scripts;C:\Python39;C:\Windows\system32;C:\Windows;C:\Windows\System32\Wbem;C:\Windows\System32\WindowsPowerShell\v1.0;C:\Windows\System32\OpenSSH;C:\Program Files\PuTTY;C:\Program Files\Microsoft VS Code\bin;C:\Program Files\NVIDIA Corporation\NVIDIA NvDLISR;C:\Program Files\nodejs;C:\ProgramData\chocolatey\bin;C:\Program Files (x86)\Yarn\bin;C:\Program Files\Docker\Docker\resources\bin;C:\ProgramData\DockerDesktop\version-bin;C:\Program Files\Git\cmd;C:\Program Files\dotnet;C:\Program Files (x86)\NVIDIA Corporation\PhysX\Common;%JAVA_HOME%\bin;%ANDROID_HOME%\emulator;%ANDROID_HOME%\tools;%ANDROID_HOME%\tools\bin;%ANDROID_HOME%\platform-tools;C:\WINDOWS\system32;C:\WINDOWS;C:\WINDOWS\System32\Wbem;C:\WINDOWS\System32\WindowsPowerShell\v1.0;C:\WINDOWS\System32\OpenSSH;C:\Users\dougl\AppData\Local\Microsoft\WindowsApps;C:\Users\dougl\AppData\Roaming\npm;C:\Users\dougl\AppData\Local\Yarn\bin;C:\Program Files\Java\jdk1.8.0_281\bin;C:\Workspace\Android\Sdk\emulator;C:\Workspace\Android\Sdk\tools;C:\Workspace\Android\Sdk\tools\bin;C:\Workspace\Android\Sdk\platform-tools
USERNAME=dougl
OS=Windows_NT
PROCESSOR_IDENTIFIER=Intel64 Family 6 Model 142 Stepping 10, GenuineIntel



---------------  S Y S T E M  ---------------

OS: Windows 10.0 , 64 bit Build 19041 (10.0.19041.804)

CPU:total 8 (initial active 8) (4 cores per cpu, 2 threads per core) family 6 model 142 stepping 10, cmov, cx8, fxsr, mmx, sse, sse2, sse3, ssse3, sse4.1, sse4.2, popcnt, avx, avx2, aes, clmul, erms, 3dnowpref, lzcnt, ht, tsc, tscinvbit, bmi1, bmi2, adx

Memory: 4k page, physical 8272432k(371624k free), swap 8272432k(5144k free)

vm_info: Java HotSpot(TM) 64-Bit Server VM (25.281-b09) for windows-amd64 JRE (1.8.0_281-b09), built on Dec  9 2020 13:54:07 by "" with MS VC++ 15.9 (VS2017)

time: Thu Apr  1 16:10:29 2021
timezone: Hora Padrão de Buenos Aires
elapsed time: 8.562227 seconds (0d 0h 0m 8s)

